#
# There is insufficient memory for the Java Runtime Environment to continue.
# Native memory allocation (malloc) failed to allocate 1048576 bytes for AllocateHeap
# Possible reasons:
#   The system is out of physical RAM or swap space
#   In 32 bit mode, the process size limit was hit
# Possible solutions:
#   Reduce memory load on the system
#   Increase physical memory or swap space
#   Check if swap backing store is full
#   Use 64 bit Java on a 64 bit OS
#   Decrease Java heap size (-Xmx/-Xms)
#   Decrease number of Java threads
#   Decrease Java thread stack sizes (-Xss)
#   Set larger code cache with -XX:ReservedCodeCacheSize=
# This output file may be truncated or incomplete.
#
#  Out of Memory Error (memory/allocation.inline.hpp:61), pid=13144, tid=0x0000000000001058
#
# JRE version:  (8.0_144-b01) (build )
# Java VM: Java HotSpot(TM) 64-Bit Server VM (25.144-b01 mixed mode windows-amd64 compressed oops)
# Failed to write core dump. Minidumps are not enabled by default on client versions of Windows
#

---------------  T H R E A D  ---------------

Current thread (0x0000000002f93800):  JavaThread "Unknown thread" [_thread_in_vm, id=4184, stack(0x0000000002e60000,0x0000000002f60000)]

Stack: [0x0000000002e60000,0x0000000002f60000]
[error occurred during error reporting (printing stack bounds), id 0xc0000005]

Native frames: (J=compiled Java code, j=interpreted, Vv=VM code, C=native code)


---------------  P R O C E S S  ---------------

Java Threads: ( => current thread )

Other Threads:

=>0x0000000002f93800 (exited) JavaThread "Unknown thread" [_thread_in_vm, id=4184, stack(0x0000000002e60000,0x0000000002f60000)]

VM state:not at safepoint (normal execution)

VM Mutex/Monitor currently owned by a thread: None

Heap:
 PSYoungGen      total 37888K, used 655K [0x00000000d6500000, 0x00000000d8f00000, 0x0000000100000000)
  eden space 32768K, 2% used [0x00000000d6500000,0x00000000d65a3d80,0x00000000d8500000)
  from space 5120K, 0% used [0x00000000d8a00000,0x00000000d8a00000,0x00000000d8f00000)
  to   space 5120K, 0% used [0x00000000d8500000,0x00000000d8500000,0x00000000d8a00000)
 ParOldGen       total 86016K, used 0K [0x0000000082e00000, 0x0000000088200000, 0x00000000d6500000)
  object space 86016K, 0% used [0x0000000082e00000,0x0000000082e00000,0x0000000088200000)
 Metaspace       used 770K, capacity 4480K, committed 4480K, reserved 1056768K
  class space    used 75K, capacity 384K, committed 384K, reserved 1048576K

Card table byte_map: [0x0000000012690000,0x0000000012a80000] byte_map_base: 0x0000000012279000

Marking Bits: (ParMarkBitMap*) 0x000000007395d850
 Begin Bits: [0x0000000013720000, 0x0000000015668000)
 End Bits:   [0x0000000015668000, 0x00000000175b0000)

Polling page: 0x0000000000b90000

CodeCache: size=245760Kb used=328Kb max_used=328Kb free=245431Kb
 bounds [0x00000000032d0000, 0x0000000003540000, 0x00000000122d0000]
 total_blobs=58 nmethods=0 adapters=38
 compilation: enabled

Compilation events (0 events):
No events

GC Heap History (0 events):
No events

Deoptimization events (0 events):
No events

Internal exceptions (0 events):
No events

Events (10 events):
Event: 0.028 loading class java/lang/Short
Event: 0.028 loading class java/lang/Short done
Event: 0.028 loading class java/lang/Integer
Event: 0.029 loading class java/lang/Integer done
Event: 0.029 loading class java/lang/Long
Event: 0.029 loading class java/lang/Long done
Event: 0.029 loading class java/lang/NullPointerException
Event: 0.029 loading class java/lang/NullPointerException done
Event: 0.029 loading class java/lang/ArithmeticException
Event: 0.029 loading class java/lang/ArithmeticException done


Dynamic libraries:
0x00007ff64c660000 - 0x00007ff64c697000 	C:\Program Files\Java\jdk1.8.0_144\bin\java.exe
0x00007ffabd820000 - 0x00007ffabda10000 	C:\Windows\SYSTEM32\ntdll.dll
0x00007ffabbe80000 - 0x00007ffabbf32000 	C:\Windows\System32\KERNEL32.DLL
0x00007ffabab20000 - 0x00007ffabadc5000 	C:\Windows\System32\KERNELBASE.dll
0x00007ffabcda0000 - 0x00007ffabce43000 	C:\Windows\System32\ADVAPI32.dll
0x00007ffabd160000 - 0x00007ffabd1fe000 	C:\Windows\System32\msvcrt.dll
0x00007ffabc6e0000 - 0x00007ffabc777000 	C:\Windows\System32\sechost.dll
0x00007ffabbd60000 - 0x00007ffabbe7f000 	C:\Windows\System32\RPCRT4.dll
0x00007ffabce50000 - 0x00007ffabcfe4000 	C:\Windows\System32\USER32.dll
0x00007ffabb550000 - 0x00007ffabb571000 	C:\Windows\System32\win32u.dll
0x00007ffabd690000 - 0x00007ffabd6b6000 	C:\Windows\System32\GDI32.dll
0x00007ffabb730000 - 0x00007ffabb8c8000 	C:\Windows\System32\gdi32full.dll
0x00007ffabb580000 - 0x00007ffabb61e000 	C:\Windows\System32\msvcp_win.dll
0x00007ffaba7f0000 - 0x00007ffaba8ea000 	C:\Windows\System32\ucrtbase.dll
0x00007ffaa7880000 - 0x00007ffaa7b04000 	C:\Windows\WinSxS\amd64_microsoft.windows.common-controls_6595b64144ccf1df_6.0.18362.1379_none_9e7ff3b3e45cc0c4\COMCTL32.dll
0x00007ffabca60000 - 0x00007ffabcd97000 	C:\Windows\System32\combase.dll
0x00007ffabaa40000 - 0x00007ffabaac1000 	C:\Windows\System32\bcryptPrimitives.dll
0x00007ffabc960000 - 0x00007ffabc98e000 	C:\Windows\System32\IMM32.DLL
0x0000000073dd0000 - 0x0000000073ea2000 	C:\Program Files\Java\jdk1.8.0_144\jre\bin\msvcr100.dll
0x0000000073140000 - 0x00000000739dd000 	C:\Program Files\Java\jdk1.8.0_144\jre\bin\server\jvm.dll
0x00007ffabc780000 - 0x00007ffabc788000 	C:\Windows\System32\PSAPI.DLL
0x00007ffaa3b00000 - 0x00007ffaa3b09000 	C:\Windows\SYSTEM32\WSOCK32.dll
0x00007ffaaddf0000 - 0x00007ffaade14000 	C:\Windows\SYSTEM32\WINMM.dll
0x00007ffaaa710000 - 0x00007ffaaa71a000 	C:\Windows\SYSTEM32\VERSION.dll
0x00007ffabd070000 - 0x00007ffabd0df000 	C:\Windows\System32\WS2_32.dll
0x00007ffaadf40000 - 0x00007ffaadf6d000 	C:\Windows\SYSTEM32\winmmbase.dll
0x00007ffabaad0000 - 0x00007ffabab1a000 	C:\Windows\System32\cfgmgr32.dll
0x0000000073130000 - 0x000000007313f000 	C:\Program Files\Java\jdk1.8.0_144\jre\bin\verify.dll
0x0000000073100000 - 0x0000000073129000 	C:\Program Files\Java\jdk1.8.0_144\jre\bin\java.dll
0x00000000730d0000 - 0x00000000730f3000 	C:\Program Files\Java\jdk1.8.0_144\jre\bin\instrument.dll
0x00000000730b0000 - 0x00000000730c6000 	C:\Program Files\Java\jdk1.8.0_144\jre\bin\zip.dll

VM Arguments:
jvm_args: -XX:TieredStopAtLevel=1 -Xverify:none -Dspring.output.ansi.enabled=always -Dcom.sun.management.jmxremote -Dcom.sun.management.jmxremote.port=57872 -Dcom.sun.management.jmxremote.authenticate=false -Dcom.sun.management.jmxremote.ssl=false -Djava.rmi.server.hostname=localhost -Dspring.liveBeansView.mbeanDomain -Dspring.application.admin.enabled=true -javaagent:D:\IntelliJ IDEA 2018.2.7\lib\idea_rt.jar=57873:D:\IntelliJ IDEA 2018.2.7\bin -Dfile.encoding=UTF-8 
java_command: com.atguigu.educms.CmsApplication
java_class_path (initial): C:\Program Files\Java\jdk1.8.0_144\jre\lib\charsets.jar;C:\Program Files\Java\jdk1.8.0_144\jre\lib\deploy.jar;C:\Program Files\Java\jdk1.8.0_144\jre\lib\ext\access-bridge-64.jar;C:\Program Files\Java\jdk1.8.0_144\jre\lib\ext\cldrdata.jar;C:\Program Files\Java\jdk1.8.0_144\jre\lib\ext\dnsns.jar;C:\Program Files\Java\jdk1.8.0_144\jre\lib\ext\jaccess.jar;C:\Program Files\Java\jdk1.8.0_144\jre\lib\ext\jfxrt.jar;C:\Program Files\Java\jdk1.8.0_144\jre\lib\ext\localedata.jar;C:\Program Files\Java\jdk1.8.0_144\jre\lib\ext\nashorn.jar;C:\Program Files\Java\jdk1.8.0_144\jre\lib\ext\sunec.jar;C:\Program Files\Java\jdk1.8.0_144\jre\lib\ext\sunjce_provider.jar;C:\Program Files\Java\jdk1.8.0_144\jre\lib\ext\sunmscapi.jar;C:\Program Files\Java\jdk1.8.0_144\jre\lib\ext\sunpkcs11.jar;C:\Program Files\Java\jdk1.8.0_144\jre\lib\ext\zipfs.jar;C:\Program Files\Java\jdk1.8.0_144\jre\lib\javaws.jar;C:\Program Files\Java\jdk1.8.0_144\jre\lib\jce.jar;C:\Program Files\Java\jdk1.8.0_144\jre\lib\jfr.jar;C:\Program Files\Java\jdk1.8.0_144\jre\lib\jfxswt.jar;C:\Program Files\Java\jdk1.8.0_144\jre\lib\jsse.jar;C:\Program Files\Java\jdk1.8.0_144\jre\lib\management-agent.jar;C:\Program Files\Java\jdk1.8.0_144\jre\lib\plugin.jar;C:\Program Files\Java\jdk1.8.0_144\jre\lib\resources.jar;C:\Program Files\Java\jdk1.8.0_144\jre\lib\rt.jar;E:\Èí¼þ\project\guli_parent\service\service_cms\target\classes;E:\Èí¼þ\project\guli_parent\common\service_base\target\classes;E:\Èí¼þ\project\guli_parent\common\common_utils\target\classes;E:\LocalRepository\org\springframework\boot\spring-boot-starter-data-redis\2.2.1.RELEASE\spring-boot-starter-data-redis-2.2.1.RELEASE.jar;E:\LocalRepository\org\springframework\data\spring-data-redis\2.2.1.RELEASE\spring-data-redis-2.2.1.RELEASE.jar;E:\LocalRepository\org\springframework\data\spring-data-keyvalue\2.2.1.RELEASE\spring-data-keyvalue-2.2.1.RELEASE.jar;E:\LocalRepository\org\springframework\data\spring-data-commons\2.2.1.RELEASE\spring-data-co
Launcher Type: SUN_STANDARD

Environment Variables:
JAVA_HOME=C:\Program Files\Java\jdk1.8.0_144
CLASSPATH=.;C:\Program Files\Java\jdk1.8.0_144\lib\tools.jar;C:\Program Files\Java\jdk1.8.0_144\lib\dt.jar;%TOMCAT_HOME%\lib\servlet-api.jar
PATH=C:\Program Files\Java\jdk1.8.0_144\bin;D:\apache-tomcat-8.5.60\bin;D:\apache-tomcat-8.5.60\lib;C:\Program Files\MySQL\MySQL Server 5.6\bin;C:\ProgramData\Oracle\Java\javapath;C:\Windows\system32;C:\Windows;C:\Windows\System32\Wbem;C:\Windows\System32\WindowsPowerShell\v1.0\;C:\Windows\System32\OpenSSH\;C:\Program Files\Intel\WiFi\bin\;C:\Program Files\Common Files\Intel\WirelessCommon\;C:\Program Files (x86)\NVIDIA Corporation\PhysX\Common;C:\Program Files\NVIDIA Corporation\NVIDIA NvDLISR;D:\toos\apache-maven-3.6.3-bin\apache-maven-3.6.3\bin;D:\Develop\nodejs\;D:\toos\Git\bin;C:\Users\ddc18\AppData\Roaming\npm;C:\Program Files\python;C:\Program Files\python\Scripts;D:\BtSoft\panel\script;\;C:\Users\ddc18\AppData\Local\Microsoft\WindowsApps;D:\VSCode\Microsoft VS Code\bin;D:\Develop\nodejs\node_global;D:\toos\Git\bin;
USERNAME=ddc18
OS=Windows_NT
PROCESSOR_IDENTIFIER=Intel64 Family 6 Model 158 Stepping 10, GenuineIntel



---------------  S Y S T E M  ---------------

OS: Windows 10.0 , 64 bit Build 18362 (10.0.18362.1350)

CPU:total 12 (initial active 12) (6 cores per cpu, 2 threads per core) family 6 model 158 stepping 10, cmov, cx8, fxsr, mmx, sse, sse2, sse3, ssse3, sse4.1, sse4.2, popcnt, avx, avx2, aes, clmul, erms, 3dnowpref, lzcnt, ht, tsc, tscinvbit, bmi1, bmi2, adx

Memory: 4k page, physical 8194092k(629916k free), swap 21301288k(6212k free)

vm_info: Java HotSpot(TM) 64-Bit Server VM (25.144-b01) for windows-amd64 JRE (1.8.0_144-b01), built on Jul 21 2017 21:57:33 by "java_re" with MS VC++ 10.0 (VS2010)

time: Mon Mar 15 17:36:42 2021
elapsed time: 0 seconds (0d 0h 0m 0s)

